<?xml version="1.0" encoding="UTF-8"?>
<testsuite name="Second_demo" tests="1" skipped="0" failures="0" errors="0" timestamp="2022-12-02T23:27:45" hostname="DESKTOP-6G0HKUV" time="11.068">
  <properties/>
  <testcase name="ButtonClick" classname="Second_demo" time="11.068"/>
  <system-out><![CDATA[]]></system-out>
  <system-err><![CDATA[SLF4J: Failed to load class "org.slf4j.impl.StaticLoggerBinder".
SLF4J: Defaulting to no-operation (NOP) logger implementation
SLF4J: See http://www.slf4j.org/codes.html#StaticLoggerBinder for further details.
1670023666270	geckodriver	INFO	Listening on 127.0.0.1:32282
1670023667277	mozrunner::runner	INFO	Running command: "C:\\Program Files\\Mozilla Firefox\\firefox.exe" "--marionette" "--headed" "--remote-debugging-port" "28410" "--remote-allow-hosts" "localhost" "--remote-allow-origins" "http://127.0.0.1:28410/,http://localhost:28410/,http://[::1]:28410/" "-no-remote" "-profile" "C:\\Users\\MDZAHI~1\\AppData\\Local\\Temp\\rust_mozprofileU49dmG"
1670023667740	Marionette	INFO	Marionette enabled
1670023667745	Marionette	INFO	Listening on port 57220
Read port: 57220
WebDriver BiDi listening on ws://127.0.0.1:28410
1670023667908	RemoteAgent	WARN	TLS certificate errors will be ignored for this session
console.warn: SearchSettings: "get: No settings file exists, new profile?" (new NotFoundError("Could not open the file at C:\\Users\\MDZAHI~1\\AppData\\Local\\Temp\\rust_mozprofileU49dmG\\search.json.mozlz4", (void 0)))
DevTools listening on ws://127.0.0.1:28410/devtools/browser/60378423-9154-4c37-9551-0f6b0a5fd662
JavaScript error: resource://gre/modules/URIFixup.sys.mjs, line 304: NS_ERROR_FAILURE: Should pass a non-null uri
]]></system-err>
</testsuite>
