<?xml version="1.0" encoding="UTF-8"?>
<testsuite name="Second_demo" tests="1" skipped="0" failures="0" errors="0" timestamp="2022-12-02T23:13:14" hostname="DESKTOP-6G0HKUV" time="10.627">
  <properties/>
  <testcase name="ButtonClick" classname="Second_demo" time="10.627"/>
  <system-out><![CDATA[]]></system-out>
  <system-err><![CDATA[SLF4J: Failed to load class "org.slf4j.impl.StaticLoggerBinder".
SLF4J: Defaulting to no-operation (NOP) logger implementation
SLF4J: See http://www.slf4j.org/codes.html#StaticLoggerBinder for further details.
1670022795100	geckodriver	INFO	Listening on 127.0.0.1:17871
1670022796128	mozrunner::runner	INFO	Running command: "C:\\Program Files\\Mozilla Firefox\\firefox.exe" "--marionette" "--headed" "--remote-debugging-port" "16716" "--remote-allow-hosts" "localhost" "--remote-allow-origins" "http://127.0.0.1:16716/,http://localhost:16716/,http://[::1]:16716/" "-no-remote" "-profile" "C:\\Users\\MDZAHI~1\\AppData\\Local\\Temp\\rust_mozprofileb3Rg1B"
1670022796582	Marionette	INFO	Marionette enabled
1670022796590	Marionette	INFO	Listening on port 55501
Read port: 55501
WebDriver BiDi listening on ws://127.0.0.1:16716
1670022796764	RemoteAgent	WARN	TLS certificate errors will be ignored for this session
console.warn: SearchSettings: "get: No settings file exists, new profile?" (new NotFoundError("Could not open the file at C:\\Users\\MDZAHI~1\\AppData\\Local\\Temp\\rust_mozprofileb3Rg1B\\search.json.mozlz4", (void 0)))
DevTools listening on ws://127.0.0.1:16716/devtools/browser/df257b71-2a96-4bc1-900d-de985dc7319e
JavaScript error: resource://gre/modules/URIFixup.sys.mjs, line 304: NS_ERROR_FAILURE: Should pass a non-null uri
]]></system-err>
</testsuite>
