<?xml version="1.0" encoding="UTF-8"?>
<testsuite name="Second_demo" tests="1" skipped="0" failures="0" errors="0" timestamp="2022-12-07T14:50:21" hostname="DESKTOP-6G0HKUV" time="10.724">
  <properties/>
  <testcase name="selectDateByKeyboard" classname="Second_demo" time="10.724"/>
  <system-out><![CDATA[]]></system-out>
  <system-err><![CDATA[SLF4J: Failed to load class "org.slf4j.impl.StaticLoggerBinder".
SLF4J: Defaulting to no-operation (NOP) logger implementation
SLF4J: See http://www.slf4j.org/codes.html#StaticLoggerBinder for further details.
1670424622398	geckodriver	INFO	Listening on 127.0.0.1:30383
1670424623426	mozrunner::runner	INFO	Running command: "C:\\Program Files\\Mozilla Firefox\\firefox.exe" "--marionette" "--headed" "--remote-debugging-port" "22322" "--remote-allow-hosts" "localhost" "--remote-allow-origins" "http://127.0.0.1:22322/,http://localhost:22322/,http://[::1]:22322/" "-no-remote" "-profile" "C:\\Users\\MDZAHI~1\\AppData\\Local\\Temp\\rust_mozprofilepclVCw"
1670424623845	Marionette	INFO	Marionette enabled
1670424623851	Marionette	INFO	Listening on port 64871
Read port: 64871
WebDriver BiDi listening on ws://127.0.0.1:22322
1670424623988	RemoteAgent	WARN	TLS certificate errors will be ignored for this session
console.warn: SearchSettings: "get: No settings file exists, new profile?" (new NotFoundError("Could not open the file at C:\\Users\\MDZAHI~1\\AppData\\Local\\Temp\\rust_mozprofilepclVCw\\search.json.mozlz4", (void 0)))
DevTools listening on ws://127.0.0.1:22322/devtools/browser/fc1fe884-0666-4be9-b1e0-576502886663
JavaScript error: resource://gre/modules/URIFixup.sys.mjs, line 304: NS_ERROR_FAILURE: Should pass a non-null uri
]]></system-err>
</testsuite>
