<?xml version="1.0" encoding="UTF-8"?>
<testsuite name="First_JUnit" tests="1" skipped="0" failures="0" errors="0" timestamp="2022-12-02T18:49:26" hostname="DESKTOP-6G0HKUV" time="11.154">
  <properties/>
  <testcase name="_2_checkImgExist_2" classname="First_JUnit" time="11.154"/>
  <system-out><![CDATA[]]></system-out>
  <system-err><![CDATA[SLF4J: Failed to load class "org.slf4j.impl.StaticLoggerBinder".
SLF4J: Defaulting to no-operation (NOP) logger implementation
SLF4J: See http://www.slf4j.org/codes.html#StaticLoggerBinder for further details.
1670006967612	geckodriver	INFO	Listening on 127.0.0.1:23428
1670006968445	mozrunner::runner	INFO	Running command: "C:\\Program Files\\Mozilla Firefox\\firefox.exe" "--marionette" "--headed" "--remote-debugging-port" "38726" "--remote-allow-hosts" "localhost" "--remote-allow-origins" "http://127.0.0.1:38726/,http://localhost:38726/,http://[::1]:38726/" "-no-remote" "-profile" "C:\\Users\\MDZAHI~1\\AppData\\Local\\Temp\\rust_mozprofileQMPNtk"
1670006968866	Marionette	INFO	Marionette enabled
1670006968872	Marionette	INFO	Listening on port 53375
Read port: 53375
WebDriver BiDi listening on ws://127.0.0.1:38726
1670006969001	RemoteAgent	WARN	TLS certificate errors will be ignored for this session
console.warn: SearchSettings: "get: No settings file exists, new profile?" (new NotFoundError("Could not open the file at C:\\Users\\MDZAHI~1\\AppData\\Local\\Temp\\rust_mozprofileQMPNtk\\search.json.mozlz4", (void 0)))
DevTools listening on ws://127.0.0.1:38726/devtools/browser/17af1200-63f3-4844-b246-441f6d2e9a64
JavaScript error: resource://gre/modules/URIFixup.sys.mjs, line 304: NS_ERROR_FAILURE: Should pass a non-null uri
]]></system-err>
</testsuite>
