<?xml version="1.0" encoding="UTF-8"?>
<testsuite name="Second_demo" tests="1" skipped="0" failures="0" errors="0" timestamp="2022-12-07T16:11:23" hostname="DESKTOP-6G0HKUV" time="11.472">
  <properties/>
  <testcase name="multipleDropDown" classname="Second_demo" time="11.472"/>
  <system-out><![CDATA[]]></system-out>
  <system-err><![CDATA[SLF4J: Failed to load class "org.slf4j.impl.StaticLoggerBinder".
SLF4J: Defaulting to no-operation (NOP) logger implementation
SLF4J: See http://www.slf4j.org/codes.html#StaticLoggerBinder for further details.
1670429484398	geckodriver	INFO	Listening on 127.0.0.1:43396
1670429485325	mozrunner::runner	INFO	Running command: "C:\\Program Files\\Mozilla Firefox\\firefox.exe" "--marionette" "--headed" "--remote-debugging-port" "8708" "--remote-allow-hosts" "localhost" "--remote-allow-origins" "http://127.0.0.1:8708/,http://localhost:8708/,http://[::1]:8708/" "-no-remote" "-profile" "C:\\Users\\MDZAHI~1\\AppData\\Local\\Temp\\rust_mozprofileLlxAet"
1670429485741	Marionette	INFO	Marionette enabled
1670429485747	Marionette	INFO	Listening on port 54670
Read port: 54670
WebDriver BiDi listening on ws://127.0.0.1:8708
1670429485880	RemoteAgent	WARN	TLS certificate errors will be ignored for this session
console.warn: SearchSettings: "get: No settings file exists, new profile?" (new NotFoundError("Could not open the file at C:\\Users\\MDZAHI~1\\AppData\\Local\\Temp\\rust_mozprofileLlxAet\\search.json.mozlz4", (void 0)))
DevTools listening on ws://127.0.0.1:8708/devtools/browser/8fdef2b4-f013-4d60-bc10-c869a8ca3788
JavaScript error: resource://gre/modules/URIFixup.sys.mjs, line 304: NS_ERROR_FAILURE: Should pass a non-null uri
]]></system-err>
</testsuite>
